[Error - 9:02:15 p. m.] (node:3034) [MODULE_TYPELESS_PACKAGE_JSON] Warning: Module type of file:///opt/visual-studio-code/resources/app/extensions/markdown-language-features/dist/serverWorkerMain.js is not specified and it doesn't parse as CommonJS.
Reparsing as ES module because module syntax was detected. This incurs a performance overhead.
To eliminate this warning, add "type": "module" to /opt/visual-studio-code/resources/app/extensions/markdown-language-features/package.json.
(Use `code --trace-warnings ...` to show where the warning was created)
provideCompletionItems
provideCompletionItems
provideCompletionItems
provideCompletionItems
provideCompletionItems
provideCompletionItems
provideCompletionItems
provideCompletionItems
provideCompletionItems
provideCompletionItems
provideCompletionItems
provideCompletionItems
provideCompletionItems
provideCompletionItems
provideCompletionItems
provideCompletionItems
