2026-05-27 20:31:15.059 [info] [main] Log level: Info
2026-05-27 20:31:15.059 [info] [main] Validating found git in: "git"
2026-05-27 20:31:15.059 [info] [main] Using git "2.54.0" from "git"
2026-05-27 20:31:15.059 [info] [Model][doInitialScan] Initial repository scan started
2026-05-27 20:31:15.059 [info] > git rev-parse --show-toplevel [8ms]
2026-05-27 20:31:15.059 [info] fatal: not a git repository (or any parent up to mount point /)
Stopping at filesystem boundary (GIT_DISCOVERY_ACROSS_FILESYSTEM not set).
2026-05-27 20:31:15.059 [info] > git rev-parse --show-toplevel [25ms]
2026-05-27 20:31:15.059 [info] fatal: not a git repository (or any parent up to mount point /)
Stopping at filesystem boundary (GIT_DISCOVERY_ACROSS_FILESYSTEM not set).
2026-05-27 20:31:15.071 [info] > git rev-parse --show-toplevel [2ms]
2026-05-27 20:31:15.071 [info] fatal: not a git repository (or any parent up to mount point /)
Stopping at filesystem boundary (GIT_DISCOVERY_ACROSS_FILESYSTEM not set).
2026-05-27 20:31:15.082 [info] > git rev-parse --show-toplevel [6ms]
2026-05-27 20:31:15.082 [info] fatal: not a git repository (or any parent up to mount point /)
Stopping at filesystem boundary (GIT_DISCOVERY_ACROSS_FILESYSTEM not set).
2026-05-27 20:31:15.088 [info] > git rev-parse --show-toplevel [1ms]
2026-05-27 20:31:15.088 [info] fatal: not a git repository (or any parent up to mount point /)
Stopping at filesystem boundary (GIT_DISCOVERY_ACROSS_FILESYSTEM not set).
2026-05-27 20:31:15.094 [info] > git rev-parse --show-toplevel [1ms]
2026-05-27 20:31:15.094 [info] fatal: not a git repository (or any parent up to mount point /)
Stopping at filesystem boundary (GIT_DISCOVERY_ACROSS_FILESYSTEM not set).
2026-05-27 20:31:15.099 [info] > git rev-parse --show-toplevel [2ms]
2026-05-27 20:31:15.099 [info] fatal: not a git repository (or any parent up to mount point /)
Stopping at filesystem boundary (GIT_DISCOVERY_ACROSS_FILESYSTEM not set).
2026-05-27 20:31:15.104 [info] > git rev-parse --show-toplevel [1ms]
2026-05-27 20:31:15.104 [info] fatal: not a git repository (or any parent up to mount point /)
Stopping at filesystem boundary (GIT_DISCOVERY_ACROSS_FILESYSTEM not set).
2026-05-27 20:31:15.110 [info] > git rev-parse --show-toplevel [2ms]
2026-05-27 20:31:15.110 [info] fatal: not a git repository (or any parent up to mount point /)
Stopping at filesystem boundary (GIT_DISCOVERY_ACROSS_FILESYSTEM not set).
2026-05-27 20:31:15.116 [info] > git rev-parse --show-toplevel [1ms]
2026-05-27 20:31:15.116 [info] fatal: not a git repository (or any parent up to mount point /)
Stopping at filesystem boundary (GIT_DISCOVERY_ACROSS_FILESYSTEM not set).
2026-05-27 20:31:15.130 [info] > git rev-parse --show-toplevel [8ms]
2026-05-27 20:31:15.130 [info] fatal: not a git repository (or any parent up to mount point /)
Stopping at filesystem boundary (GIT_DISCOVERY_ACROSS_FILESYSTEM not set).
2026-05-27 20:31:15.143 [info] > git rev-parse --show-toplevel [7ms]
2026-05-27 20:31:15.143 [info] fatal: not a git repository (or any parent up to mount point /)
Stopping at filesystem boundary (GIT_DISCOVERY_ACROSS_FILESYSTEM not set).
2026-05-27 20:31:15.149 [info] > git rev-parse --show-toplevel [1ms]
2026-05-27 20:31:15.149 [info] fatal: not a git repository (or any parent up to mount point /)
Stopping at filesystem boundary (GIT_DISCOVERY_ACROSS_FILESYSTEM not set).
2026-05-27 20:31:15.155 [info] > git rev-parse --show-toplevel [1ms]
2026-05-27 20:31:15.155 [info] fatal: not a git repository (or any parent up to mount point /)
Stopping at filesystem boundary (GIT_DISCOVERY_ACROSS_FILESYSTEM not set).
2026-05-27 20:31:15.158 [info] [Model][doInitialScan] Initial repository scan completed - repositories (0), closed repositories (0), parent repositories (0), unsafe repositories (0)
2026-05-27 20:31:15.165 [info] > git rev-parse --show-toplevel [2ms]
2026-05-27 20:31:15.165 [info] fatal: not a git repository (or any parent up to mount point /)
Stopping at filesystem boundary (GIT_DISCOVERY_ACROSS_FILESYSTEM not set).
2026-05-27 20:31:15.171 [info] > git rev-parse --show-toplevel [1ms]
2026-05-27 20:31:15.171 [info] fatal: not a git repository (or any parent up to mount point /)
Stopping at filesystem boundary (GIT_DISCOVERY_ACROSS_FILESYSTEM not set).
2026-05-27 20:31:15.272 [info] > git rev-parse --show-toplevel [1ms]
2026-05-27 20:31:15.272 [info] fatal: not a git repository (or any parent up to mount point /)
Stopping at filesystem boundary (GIT_DISCOVERY_ACROSS_FILESYSTEM not set).
2026-05-27 20:31:15.354 [info] > git rev-parse --show-toplevel [1ms]
2026-05-27 20:31:15.354 [info] fatal: not a git repository (or any parent up to mount point /)
Stopping at filesystem boundary (GIT_DISCOVERY_ACROSS_FILESYSTEM not set).
2026-05-27 20:31:17.342 [info] > git rev-parse --show-toplevel [1ms]
2026-05-27 20:31:17.342 [info] fatal: not a git repository (or any parent up to mount point /)
Stopping at filesystem boundary (GIT_DISCOVERY_ACROSS_FILESYSTEM not set).
2026-05-27 20:37:04.172 [info] > git rev-parse --show-toplevel [1ms]
2026-05-27 20:37:04.172 [info] fatal: not a git repository (or any parent up to mount point /)
Stopping at filesystem boundary (GIT_DISCOVERY_ACROSS_FILESYSTEM not set).
2026-05-27 20:37:23.183 [info] > git rev-parse --show-toplevel [1ms]
2026-05-27 20:37:23.183 [info] fatal: not a git repository (or any parent up to mount point /)
Stopping at filesystem boundary (GIT_DISCOVERY_ACROSS_FILESYSTEM not set).
2026-05-27 20:37:34.214 [info] > git rev-parse --show-toplevel [1ms]
2026-05-27 20:37:34.214 [info] fatal: not a git repository (or any parent up to mount point /)
Stopping at filesystem boundary (GIT_DISCOVERY_ACROSS_FILESYSTEM not set).
2026-05-27 20:38:04.142 [info] > git rev-parse --show-toplevel [1ms]
2026-05-27 20:38:04.142 [info] fatal: not a git repository (or any parent up to mount point /)
Stopping at filesystem boundary (GIT_DISCOVERY_ACROSS_FILESYSTEM not set).
2026-05-27 20:38:44.937 [info] > git rev-parse --show-toplevel [1ms]
2026-05-27 20:38:44.937 [info] fatal: not a git repository (or any parent up to mount point /)
Stopping at filesystem boundary (GIT_DISCOVERY_ACROSS_FILESYSTEM not set).
2026-05-27 20:39:06.691 [info] > git rev-parse --show-toplevel [1ms]
2026-05-27 20:39:06.691 [info] fatal: not a git repository (or any parent up to mount point /)
Stopping at filesystem boundary (GIT_DISCOVERY_ACROSS_FILESYSTEM not set).
2026-05-27 20:40:34.267 [info] > git rev-parse --show-toplevel [1ms]
2026-05-27 20:40:34.267 [info] fatal: not a git repository (or any parent up to mount point /)
Stopping at filesystem boundary (GIT_DISCOVERY_ACROSS_FILESYSTEM not set).
2026-05-27 20:41:21.082 [info] > git rev-parse --show-toplevel [1ms]
2026-05-27 20:41:21.082 [info] fatal: not a git repository (or any parent up to mount point /)
Stopping at filesystem boundary (GIT_DISCOVERY_ACROSS_FILESYSTEM not set).
2026-05-27 20:41:59.961 [info] > git rev-parse --show-toplevel [1ms]
2026-05-27 20:41:59.961 [info] fatal: not a git repository (or any parent up to mount point /)
Stopping at filesystem boundary (GIT_DISCOVERY_ACROSS_FILESYSTEM not set).
2026-05-27 20:47:52.462 [info] > git rev-parse --show-toplevel [1ms]
2026-05-27 20:47:52.462 [info] fatal: not a git repository (or any parent up to mount point /)
Stopping at filesystem boundary (GIT_DISCOVERY_ACROSS_FILESYSTEM not set).
