2026-05-27 20:26:16.017 [info] [main] Log level: Info
2026-05-27 20:26:16.017 [info] [main] Validating found git in: "git"
2026-05-27 20:26:16.017 [info] [main] Using git "2.54.0" from "git"
2026-05-27 20:26:16.017 [info] [Model][doInitialScan] Initial repository scan started
2026-05-27 20:26:16.017 [info] > git rev-parse --show-toplevel [6ms]
2026-05-27 20:26:16.017 [info] fatal: not a git repository (or any parent up to mount point /)
Stopping at filesystem boundary (GIT_DISCOVERY_ACROSS_FILESYSTEM not set).
2026-05-27 20:26:16.017 [info] > git rev-parse --show-toplevel [1ms]
2026-05-27 20:26:16.017 [info] fatal: not a git repository (or any parent up to mount point /)
Stopping at filesystem boundary (GIT_DISCOVERY_ACROSS_FILESYSTEM not set).
2026-05-27 20:26:16.024 [info] > git rev-parse --show-toplevel [1ms]
2026-05-27 20:26:16.024 [info] fatal: not a git repository (or any parent up to mount point /)
Stopping at filesystem boundary (GIT_DISCOVERY_ACROSS_FILESYSTEM not set).
2026-05-27 20:26:16.049 [info] > git rev-parse --show-toplevel [20ms]
2026-05-27 20:26:16.049 [info] fatal: not a git repository (or any parent up to mount point /)
Stopping at filesystem boundary (GIT_DISCOVERY_ACROSS_FILESYSTEM not set).
2026-05-27 20:26:16.075 [info] > git rev-parse --show-toplevel [5ms]
2026-05-27 20:26:16.075 [info] fatal: not a git repository (or any parent up to mount point /)
Stopping at filesystem boundary (GIT_DISCOVERY_ACROSS_FILESYSTEM not set).
2026-05-27 20:26:16.083 [info] > git rev-parse --show-toplevel [3ms]
2026-05-27 20:26:16.083 [info] fatal: not a git repository (or any parent up to mount point /)
Stopping at filesystem boundary (GIT_DISCOVERY_ACROSS_FILESYSTEM not set).
2026-05-27 20:26:16.090 [info] > git rev-parse --show-toplevel [2ms]
2026-05-27 20:26:16.090 [info] fatal: not a git repository (or any parent up to mount point /)
Stopping at filesystem boundary (GIT_DISCOVERY_ACROSS_FILESYSTEM not set).
2026-05-27 20:26:16.096 [info] > git rev-parse --show-toplevel [1ms]
2026-05-27 20:26:16.096 [info] fatal: not a git repository (or any parent up to mount point /)
Stopping at filesystem boundary (GIT_DISCOVERY_ACROSS_FILESYSTEM not set).
2026-05-27 20:26:16.102 [info] > git rev-parse --show-toplevel [1ms]
2026-05-27 20:26:16.102 [info] fatal: not a git repository (or any parent up to mount point /)
Stopping at filesystem boundary (GIT_DISCOVERY_ACROSS_FILESYSTEM not set).
2026-05-27 20:26:16.109 [info] > git rev-parse --show-toplevel [2ms]
2026-05-27 20:26:16.109 [info] fatal: not a git repository (or any parent up to mount point /)
Stopping at filesystem boundary (GIT_DISCOVERY_ACROSS_FILESYSTEM not set).
2026-05-27 20:26:16.116 [info] > git rev-parse --show-toplevel [2ms]
2026-05-27 20:26:16.116 [info] fatal: not a git repository (or any parent up to mount point /)
Stopping at filesystem boundary (GIT_DISCOVERY_ACROSS_FILESYSTEM not set).
2026-05-27 20:26:16.125 [info] > git rev-parse --show-toplevel [3ms]
2026-05-27 20:26:16.125 [info] fatal: not a git repository (or any parent up to mount point /)
Stopping at filesystem boundary (GIT_DISCOVERY_ACROSS_FILESYSTEM not set).
2026-05-27 20:26:16.133 [info] > git rev-parse --show-toplevel [1ms]
2026-05-27 20:26:16.133 [info] fatal: not a git repository (or any parent up to mount point /)
Stopping at filesystem boundary (GIT_DISCOVERY_ACROSS_FILESYSTEM not set).
2026-05-27 20:26:16.140 [info] > git rev-parse --show-toplevel [1ms]
2026-05-27 20:26:16.140 [info] fatal: not a git repository (or any parent up to mount point /)
Stopping at filesystem boundary (GIT_DISCOVERY_ACROSS_FILESYSTEM not set).
2026-05-27 20:26:16.144 [info] [Model][doInitialScan] Initial repository scan completed - repositories (0), closed repositories (0), parent repositories (0), unsafe repositories (0)
2026-05-27 20:26:16.247 [info] > git rev-parse --show-toplevel [1ms]
2026-05-27 20:26:16.247 [info] fatal: not a git repository (or any parent up to mount point /)
Stopping at filesystem boundary (GIT_DISCOVERY_ACROSS_FILESYSTEM not set).
2026-05-27 20:26:16.319 [info] > git rev-parse --show-toplevel [0ms]
2026-05-27 20:26:16.319 [info] fatal: not a git repository (or any parent up to mount point /)
Stopping at filesystem boundary (GIT_DISCOVERY_ACROSS_FILESYSTEM not set).
2026-05-27 20:26:18.299 [info] > git rev-parse --show-toplevel [1ms]
2026-05-27 20:26:18.299 [info] fatal: not a git repository (or any parent up to mount point /)
Stopping at filesystem boundary (GIT_DISCOVERY_ACROSS_FILESYSTEM not set).
